<?xml version="1.0" encoding="UTF-8"?>
<!-- Generated by org.testng.reporters.JUnitReportReporter -->
<testsuite hostname="PreethaChandru" failures="0" tests="1" name="testcase.LoginTestCase" time="25.614" errors="0" timestamp="2024-12-21T12:58:20 CST" skipped="0">
  <testcase classname="testcase.LoginTestCase" name="LoginTest" time="25.614"/>
</testsuite> <!-- testcase.LoginTestCase -->
